\BOOKMARK [0][]{chapter.4}{\376\377\0004\000\040\000T\000h\000e\000\040\000D\000U\000N\000E\000\040\0003\0005\000\040\000t\000o\000n\000\040\000P\000r\000o\000t\000o\000t\000y\000p\000e}{}% 34
\BOOKMARK [1][]{section.4.1}{\376\377\0004\000.\0001\000\040\000T\000h\000e\000\040\000M\000a\000t\000e\000r\000i\000a\000l\000s\000\040\000T\000e\000s\000t\000\040\000S\000t\000a\000n\000d\000\040\000a\000n\000d\000\040\000L\000i\000q\000u\000i\000d\000\040\000A\000r\000g\000o\000n\000\040\000P\000u\000r\000i\000t\000y\000\040\000D\000e\000m\000o\000n\000s\000t\000r\000a\000t\000o\000r}{chapter.4}% 35
\BOOKMARK [2][]{subsection.4.1.1}{\376\377\0004\000.\0001\000.\0001\000\040\000T\000h\000e\000\040\000M\000a\000t\000e\000r\000i\000a\000l\000s\000\040\000T\000e\000s\000t\000\040\000S\000t\000a\000n\000d}{section.4.1}% 36
\BOOKMARK [2][]{subsection.4.1.2}{\376\377\0004\000.\0001\000.\0002\000\040\000T\000h\000e\000\040\000L\000i\000q\000u\000i\000d\000\040\000A\000r\000g\000o\000n\000\040\000P\000u\000r\000i\000t\000y\000\040\000D\000e\000m\000o\000n\000s\000t\000r\000a\000t\000o\000r}{section.4.1}% 37
\BOOKMARK [2][]{subsection.4.1.3}{\376\377\0004\000.\0001\000.\0003\000\040\000L\000o\000n\000g\000B\000o}{section.4.1}% 38
\BOOKMARK [1][]{section.4.2}{\376\377\0004\000.\0002\000\040\0003\0005\000\040\000t\000o\000n\000\040\000E\000x\000p\000e\000r\000i\000m\000e\000n\000t\000:\000\040\000P\000h\000a\000s\000e\000\040\000I}{chapter.4}% 39
\BOOKMARK [2][]{subsection.4.2.1}{\376\377\0004\000.\0002\000.\0001\000\040\000T\000h\000e\000\040\0003\0005\000\040\000t\000o\000n\000\040\000C\000r\000y\000o\000s\000t\000a\000t}{section.4.2}% 40
\BOOKMARK [2][]{subsection.4.2.2}{\376\377\0004\000.\0002\000.\0002\000\040\000F\000i\000l\000l\000i\000n\000g\000\040\000t\000h\000e\000\040\0003\0005\000\040\000t\000o\000n}{section.4.2}% 41
\BOOKMARK [2][]{subsection.4.2.3}{\376\377\0004\000.\0002\000.\0003\000\040\000O\000u\000t\000c\000o\000m\000e\000s\000\040\000o\000f\000\040\000P\000h\000a\000s\000e\000\040\000I}{section.4.2}% 42
\BOOKMARK [1][]{section.4.3}{\376\377\0004\000.\0003\000\040\0003\0005\000\040\000t\000o\000n\000\040\000E\000x\000p\000e\000r\000i\000m\000e\000n\000t\000:\000\040\000P\000h\000a\000s\000e\000\040\000I\000I}{chapter.4}% 43
\BOOKMARK [2][]{subsection.4.3.1}{\376\377\0004\000.\0003\000.\0001\000\040\000T\000h\000e\000\040\0003\0005\000\040\000t\000o\000n\000\040\000D\000e\000t\000e\000c\000t\000o\000r}{section.4.3}% 44
\BOOKMARK [2][]{subsection.4.3.2}{\376\377\0004\000.\0003\000.\0002\000\040\000D\000a\000t\000a\000\040\000A\000c\000q\000u\000i\000s\000i\000t\000i\000o\000n}{section.4.3}% 45
\BOOKMARK [2][]{subsection.4.3.3}{\376\377\0004\000.\0003\000.\0003\000\040\000T\000h\000e\000\040\000S\000h\000e\000f\000f\000i\000e\000l\000d\000\040\000C\000a\000m\000e\000r\000a\000\040\000S\000y\000s\000t\000e\000m}{section.4.3}% 46
\BOOKMARK [2][]{subsection.4.3.4}{\376\377\0004\000.\0003\000.\0004\000\040\000P\000h\000a\000s\000e\000\040\000I\000I\000\040\000R\000u\000n}{section.4.3}% 47
\BOOKMARK [2][]{subsection.4.3.5}{\376\377\0004\000.\0003\000.\0005\000\040\000O\000u\000t\000c\000o\000m\000e\000s\000\040\000o\000f\000\040\000P\000h\000a\000s\000e\000\040\000I\000I}{section.4.3}% 48
\BOOKMARK [1][]{section.4.4}{\376\377\0004\000.\0004\000\040\000S\000u\000m\000m\000a\000r\000y}{chapter.4}% 49
\BOOKMARK [0][]{chapter.6}{\376\377\0006\000\040\000O\000n\000l\000i\000n\000e\000\040\000M\000o\000n\000i\000t\000o\000r\000i\000n\000g\000\040\000a\000n\000d\000\040\000E\000v\000e\000n\000t\000\040\000D\000i\000s\000p\000l\000a\000y\000s\000\040\000f\000o\000r\000\040\000t\000h\000e\000\040\0003\0005\000\040\000t\000o\000n\000\040\000E\000x\000p\000e\000r\000i\000m\000e\000n\000t}{}% 76
\BOOKMARK [1][]{section.6.1}{\376\377\0006\000.\0001\000\040\000T\000h\000e\000\040\000D\000A\000Q\000\040\000F\000r\000a\000m\000e\000w\000o\000r\000k}{chapter.6}% 77
\BOOKMARK [1][]{section.6.2}{\376\377\0006\000.\0002\000\040\000O\000n\000l\000i\000n\000e\000\040\000M\000o\000n\000i\000t\000o\000r\000i\000n\000g\000\040\000F\000r\000a\000m\000e\000w\000o\000r\000k}{chapter.6}% 78
\BOOKMARK [2][]{subsection.6.2.1}{\376\377\0006\000.\0002\000.\0001\000\040\000M\000o\000n\000i\000t\000o\000r\000i\000n\000g\000\040\000F\000r\000a\000m\000e\000w\000o\000r\000k\000\040\000D\000e\000s\000i\000g\000n}{section.6.2}% 79
\BOOKMARK [2][]{subsection.6.2.2}{\376\377\0006\000.\0002\000.\0002\000\040\000W\000r\000i\000t\000i\000n\000g\000\040\000M\000o\000n\000i\000t\000o\000r\000i\000n\000g\000\040\000D\000a\000t\000a}{section.6.2}% 80
\BOOKMARK [1][]{section.6.3}{\376\377\0006\000.\0003\000\040\000D\000a\000t\000a\000\040\000Q\000u\000a\000l\000i\000t\000y\000\040\000M\000o\000n\000i\000t\000o\000r\000i\000n\000g}{chapter.6}% 81
\BOOKMARK [2][]{subsection.6.3.1}{\376\377\0006\000.\0003\000.\0001\000\040\000T\000P\000C\000\040\000M\000o\000n\000i\000t\000o\000r\000i\000n\000g}{section.6.3}% 82
\BOOKMARK [2][]{subsection.6.3.2}{\376\377\0006\000.\0003\000.\0002\000\040\000P\000h\000o\000t\000o\000n\000\040\000D\000e\000t\000e\000c\000t\000o\000r\000\040\000M\000o\000n\000i\000t\000o\000r\000i\000n\000g}{section.6.3}% 83
\BOOKMARK [2][]{subsection.6.3.3}{\376\377\0006\000.\0003\000.\0003\000\040\000E\000x\000t\000e\000r\000n\000a\000l\000\040\000C\000o\000u\000n\000t\000e\000r\000\040\000M\000o\000n\000i\000t\000o\000r\000i\000n\000g}{section.6.3}% 84
\BOOKMARK [2][]{subsection.6.3.4}{\376\377\0006\000.\0003\000.\0004\000\040\000G\000e\000n\000e\000r\000a\000l\000\040\000M\000o\000n\000i\000t\000o\000r\000i\000n\000g}{section.6.3}% 85
\BOOKMARK [2][]{subsection.6.3.5}{\376\377\0006\000.\0003\000.\0005\000\040\000D\000Q\000M\000\040\000P\000l\000o\000t\000s}{section.6.3}% 86
\BOOKMARK [1][]{section.6.4}{\376\377\0006\000.\0004\000\040\000O\000n\000l\000i\000n\000e\000\040\000E\000v\000e\000n\000t\000\040\000D\000i\000s\000p\000l\000a\000y}{chapter.6}% 87
\BOOKMARK [2][]{subsection.6.4.1}{\376\377\0006\000.\0004\000.\0001\000\040\000S\000e\000l\000e\000c\000t\000i\000n\000g\000\040\000t\000h\000e\000\040\000D\000a\000t\000a}{section.6.4}% 88
\BOOKMARK [2][]{subsection.6.4.2}{\376\377\0006\000.\0004\000.\0002\000\040\000R\000e\000p\000r\000e\000s\000e\000n\000t\000i\000n\000g\000\040\000t\000h\000e\000\040\000D\000a\000t\000a}{section.6.4}% 89
\BOOKMARK [1][]{section.6.5}{\376\377\0006\000.\0005\000\040\000M\000o\000n\000i\000t\000o\000r\000i\000n\000g\000\040\000W\000e\000b\000\040\000I\000n\000t\000e\000r\000f\000a\000c\000e}{chapter.6}% 90
\BOOKMARK [2][]{subsection.6.5.1}{\376\377\0006\000.\0005\000.\0001\000\040\000A\000u\000t\000o\000m\000a\000t\000e\000d\000\040\000D\000a\000t\000a\000\040\000T\000r\000a\000n\000s\000f\000e\000r}{section.6.5}% 91
\BOOKMARK [2][]{subsection.6.5.2}{\376\377\0006\000.\0005\000.\0002\000\040\000W\000e\000b\000\040\000P\000a\000g\000e}{section.6.5}% 92
\BOOKMARK [1][]{section.6.6}{\376\377\0006\000.\0006\000\040\000O\000n\000l\000i\000n\000e\000\040\000M\000o\000n\000i\000t\000o\000r\000i\000n\000g\000\040\000S\000u\000m\000m\000a\000r\000y}{chapter.6}% 93
\BOOKMARK [0][]{chapter*.44}{\376\377\000R\000e\000f\000e\000r\000e\000n\000c\000e\000s}{}% 117
