This is pdfTeX, Version 3.14159265-2.6-1.40.15 (TeX Live 2014) (preloaded format=pdflatex 2014.5.25)  11 SEP 2016 19:04
entering extended mode
 restricted \write18 enabled.
 %&-line parsing enabled.
**chapters.tex
(./chapters.tex
LaTeX2e <2014/05/01>
Babel <3.9k> and hyphenation patterns for 78 languages loaded.
(/usr/local/texlive/2014/texmf-dist/tex/latex/base/report.cls
Document Class: report 2007/10/19 v1.4h Standard LaTeX document class
(/usr/local/texlive/2014/texmf-dist/tex/latex/base/size12.clo
File: size12.clo 2007/10/19 v1.4h Standard LaTeX file (size option)
)
\c@part=\count79
\c@chapter=\count80
\c@section=\count81
\c@subsection=\count82
\c@subsubsection=\count83
\c@paragraph=\count84
\c@subparagraph=\count85
\c@figure=\count86
\c@table=\count87
\abovecaptionskip=\skip41
\belowcaptionskip=\skip42
\bibindent=\dimen102
)
(/usr/local/texlive/2014/texmf-dist/tex/latex/geometry/geometry.sty
Package: geometry 2010/09/12 v5.6 Page Geometry

(/usr/local/texlive/2014/texmf-dist/tex/latex/graphics/keyval.sty
Package: keyval 2014/05/08 v1.15 key=value parser (DPC)
\KV@toks@=\toks14
)
(/usr/local/texlive/2014/texmf-dist/tex/generic/oberdiek/ifpdf.sty
Package: ifpdf 2011/01/30 v2.3 Provides the ifpdf switch (HO)
Package ifpdf Info: pdfTeX in PDF mode is detected.
)
(/usr/local/texlive/2014/texmf-dist/tex/generic/oberdiek/ifvtex.sty
Package: ifvtex 2010/03/01 v1.5 Detect VTeX and its facilities (HO)
Package ifvtex Info: VTeX not detected.
)
(/usr/local/texlive/2014/texmf-dist/tex/generic/ifxetex/ifxetex.sty
Package: ifxetex 2010/09/12 v0.6 Provides ifxetex conditional
)
\Gm@cnth=\count88
\Gm@cntv=\count89
\c@Gm@tempcnt=\count90
\Gm@bindingoffset=\dimen103
\Gm@wd@mp=\dimen104
\Gm@odd@mp=\dimen105
\Gm@even@mp=\dimen106
\Gm@layoutwidth=\dimen107
\Gm@layoutheight=\dimen108
\Gm@layouthoffset=\dimen109
\Gm@layoutvoffset=\dimen110
\Gm@dimlist=\toks15
)
(/usr/local/texlive/2014/texmf-dist/tex/latex/enumitem/enumitem.sty
Package: enumitem 2011/09/28 v3.5.2 Customized lists
\labelindent=\skip43
\enit@outerparindent=\dimen111
\enit@toks=\toks16
\enit@inbox=\box26
\enitdp@description=\count91
)
(./chapters.aux)
\openout1 = `chapters.aux'.

LaTeX Font Info:    Checking defaults for OML/cmm/m/it on input line 9.
LaTeX Font Info:    ... okay on input line 9.
LaTeX Font Info:    Checking defaults for T1/cmr/m/n on input line 9.
LaTeX Font Info:    ... okay on input line 9.
LaTeX Font Info:    Checking defaults for OT1/cmr/m/n on input line 9.
LaTeX Font Info:    ... okay on input line 9.
LaTeX Font Info:    Checking defaults for OMS/cmsy/m/n on input line 9.
LaTeX Font Info:    ... okay on input line 9.
LaTeX Font Info:    Checking defaults for OMX/cmex/m/n on input line 9.
LaTeX Font Info:    ... okay on input line 9.
LaTeX Font Info:    Checking defaults for U/cmr/m/n on input line 9.
LaTeX Font Info:    ... okay on input line 9.

*geometry* driver: auto-detecting
*geometry* detected driver: pdftex
*geometry* verbose mode - [ preamble ] result:
* driver: pdftex
* paper: a4paper
* layout: <same size as paper>
* layoutoffset:(h,v)=(0.0pt,0.0pt)
* modes: 
* h-part:(L,W,R)=(56.9055pt, 483.69687pt, 56.9055pt)
* v-part:(T,H,B)=(56.9055pt, 731.23584pt, 56.9055pt)
* \paperwidth=597.50787pt
* \paperheight=845.04684pt
* \textwidth=483.69687pt
* \textheight=731.23584pt
* \oddsidemargin=-15.36449pt
* \evensidemargin=-15.36449pt
* \topmargin=-52.36449pt
* \headheight=12.0pt
* \headsep=25.0pt
* \topskip=12.0pt
* \footskip=30.0pt
* \marginparwidth=35.0pt
* \marginparsep=10.0pt
* \columnsep=10.0pt
* \skip\footins=10.8pt plus 4.0pt minus 2.0pt
* \hoffset=0.0pt
* \voffset=0.0pt
* \mag=1000
* \@twocolumnfalse
* \@twosidefalse
* \@mparswitchfalse
* \@reversemarginfalse
* (1in=72.27pt=25.4mm, 1cm=28.453pt)

[1


{/usr/local/texlive/2014/texmf-var/fonts/map/pdftex/updmap/pdftex.map}]
[2] [3] [4] [5] [6] [7]
LaTeX Font Info:    External font `cmex10' loaded for size
(Font)              <17.28> on input line 167.
LaTeX Font Info:    External font `cmex10' loaded for size
(Font)              <12> on input line 167.
LaTeX Font Info:    External font `cmex10' loaded for size
(Font)              <8> on input line 173.
LaTeX Font Info:    External font `cmex10' loaded for size
(Font)              <6> on input line 173.
 [8] (./chapters.aux) ) 
Here is how much of TeX's memory you used:
 1047 strings out of 493117
 15179 string characters out of 6135433
 76938 words of memory out of 5000000
 4562 multiletter control sequences out of 15000+600000
 9115 words of font info for 32 fonts, out of 8000000 for 9000
 1141 hyphenation exceptions out of 8191
 23i,4n,20p,312b,113s stack positions out of 5000i,500n,10000p,200000b,80000s
</usr/local/texlive/2014/texmf-dist/fonts/type1/public/a
msfonts/cm/cmbx12.pfb></usr/local/texlive/2014/texmf-dist/fonts/type1/public/am
sfonts/cm/cmmi12.pfb></usr/local/texlive/2014/texmf-dist/fonts/type1/public/ams
fonts/cm/cmmi8.pfb></usr/local/texlive/2014/texmf-dist/fonts/type1/public/amsfo
nts/cm/cmr12.pfb></usr/local/texlive/2014/texmf-dist/fonts/type1/public/amsfont
s/cm/cmsy10.pfb>
Output written on chapters.pdf (8 pages, 72440 bytes).
PDF statistics:
 51 PDF objects out of 1000 (max. 8388607)
 35 compressed objects within 1 object stream
 0 named destinations out of 1000 (max. 500000)
 1 words of extra memory for PDF output out of 10000 (max. 10000000)

